0 info it worked if it ends with ok
1 verbose cli [ 'C:\\Program Files (x86)\\nodejs\\node.exe',
1 verbose cli   'C:\\Program Files (x86)\\nodejs\\node_modules\\npm\\bin\\npm-cli.js',
1 verbose cli   'install',
1 verbose cli   '--save',
1 verbose cli   'ursa' ]
2 info using npm@3.10.3
3 info using node@v6.3.1
4 silly loadCurrentTree Starting
5 silly install loadCurrentTree
6 silly install readLocalPackageData
7 silly fetchPackageMetaData ursa
8 silly fetchNamedPackageData ursa
9 silly mapToRegistry name ursa
10 silly mapToRegistry using default registry
11 silly mapToRegistry registry https://registry.npmjs.org/
12 silly mapToRegistry data Result {
12 silly mapToRegistry   raw: 'ursa',
12 silly mapToRegistry   scope: null,
12 silly mapToRegistry   escapedName: 'ursa',
12 silly mapToRegistry   name: 'ursa',
12 silly mapToRegistry   rawSpec: '',
12 silly mapToRegistry   spec: 'latest',
12 silly mapToRegistry   type: 'tag' }
13 silly mapToRegistry uri https://registry.npmjs.org/ursa
14 verbose request uri https://registry.npmjs.org/ursa
15 verbose request no auth needed
16 info attempt registry request try #1 at 11:08:16 AM
17 verbose request id fd6e9927a89784c5
18 verbose etag W/"58a3e42f-d417"
19 verbose lastModified Wed, 15 Feb 2017 05:16:31 GMT
20 http request GET https://registry.npmjs.org/ursa
21 http 304 https://registry.npmjs.org/ursa
22 verbose headers { date: 'Sun, 23 Apr 2017 15:08:21 GMT',
22 verbose headers   via: '1.1 varnish',
22 verbose headers   'cache-control': 'max-age=300',
22 verbose headers   etag: 'W/"58a3e42f-d417"',
22 verbose headers   age: '35',
22 verbose headers   connection: 'keep-alive',
22 verbose headers   'x-served-by': 'cache-jfk8132-JFK',
22 verbose headers   'x-cache': 'HIT',
22 verbose headers   'x-cache-hits': '1',
22 verbose headers   'x-timer': 'S1492960101.366793,VS0,VE0',
22 verbose headers   vary: 'Accept-Encoding' }
23 silly get cb [ 304,
23 silly get   { date: 'Sun, 23 Apr 2017 15:08:21 GMT',
23 silly get     via: '1.1 varnish',
23 silly get     'cache-control': 'max-age=300',
23 silly get     etag: 'W/"58a3e42f-d417"',
23 silly get     age: '35',
23 silly get     connection: 'keep-alive',
23 silly get     'x-served-by': 'cache-jfk8132-JFK',
23 silly get     'x-cache': 'HIT',
23 silly get     'x-cache-hits': '1',
23 silly get     'x-timer': 'S1492960101.366793,VS0,VE0',
23 silly get     vary: 'Accept-Encoding' } ]
24 verbose etag https://registry.npmjs.org/ursa from cache
25 verbose get saving ursa to C:\Users\Nilay\AppData\Roaming\npm-cache\registry.npmjs.org\ursa\.cache.json
26 verbose correctMkdir C:\Users\Nilay\AppData\Roaming\npm-cache correctMkdir not in flight; initializing
27 silly install normalizeTree
28 silly loadCurrentTree Finishing
29 silly loadIdealTree Starting
30 silly install loadIdealTree
31 silly cloneCurrentTree Starting
32 silly install cloneCurrentTreeToIdealTree
33 silly cloneCurrentTree Finishing
34 silly loadShrinkwrap Starting
35 silly install loadShrinkwrap
36 silly loadShrinkwrap Finishing
37 silly loadAllDepsIntoIdealTree Starting
38 silly install loadAllDepsIntoIdealTree
39 silly resolveWithNewModule ursa@0.9.4 checking installable status
40 silly cache add args [ 'ursa', null ]
41 verbose cache add spec ursa
42 silly cache add parsed spec Result {
42 silly cache add   raw: 'ursa',
42 silly cache add   scope: null,
42 silly cache add   escapedName: 'ursa',
42 silly cache add   name: 'ursa',
42 silly cache add   rawSpec: '',
42 silly cache add   spec: 'latest',
42 silly cache add   type: 'tag' }
43 silly addNamed ursa@latest
44 verbose addNamed "latest" is being treated as a dist-tag for ursa
45 info addNameTag [ 'ursa', 'latest' ]
46 silly mapToRegistry name ursa
47 silly mapToRegistry using default registry
48 silly mapToRegistry registry https://registry.npmjs.org/
49 silly mapToRegistry data Result {
49 silly mapToRegistry   raw: 'ursa',
49 silly mapToRegistry   scope: null,
49 silly mapToRegistry   escapedName: 'ursa',
49 silly mapToRegistry   name: 'ursa',
49 silly mapToRegistry   rawSpec: '',
49 silly mapToRegistry   spec: 'latest',
49 silly mapToRegistry   type: 'tag' }
50 silly mapToRegistry uri https://registry.npmjs.org/ursa
51 verbose addNameTag registry:https://registry.npmjs.org/ursa not in flight; fetching
52 verbose get https://registry.npmjs.org/ursa not expired, no request
53 silly addNameTag next cb for ursa with tag latest
54 silly addNamed ursa@0.9.4
55 verbose addNamed "0.9.4" is a plain semver version for ursa
56 silly cache afterAdd ursa@0.9.4
57 verbose afterAdd C:\Users\Nilay\AppData\Roaming\npm-cache\ursa\0.9.4\package\package.json not in flight; writing
58 verbose correctMkdir C:\Users\Nilay\AppData\Roaming\npm-cache correctMkdir not in flight; initializing
59 verbose afterAdd C:\Users\Nilay\AppData\Roaming\npm-cache\ursa\0.9.4\package\package.json written
60 silly fetchNamedPackageData bindings
61 silly mapToRegistry name bindings
62 silly mapToRegistry using default registry
63 silly mapToRegistry registry https://registry.npmjs.org/
64 silly mapToRegistry data Result {
64 silly mapToRegistry   raw: 'bindings',
64 silly mapToRegistry   scope: null,
64 silly mapToRegistry   escapedName: 'bindings',
64 silly mapToRegistry   name: 'bindings',
64 silly mapToRegistry   rawSpec: '',
64 silly mapToRegistry   spec: 'latest',
64 silly mapToRegistry   type: 'tag' }
65 silly mapToRegistry uri https://registry.npmjs.org/bindings
66 silly fetchNamedPackageData nan
67 silly mapToRegistry name nan
68 silly mapToRegistry using default registry
69 silly mapToRegistry registry https://registry.npmjs.org/
70 silly mapToRegistry data Result {
70 silly mapToRegistry   raw: 'nan',
70 silly mapToRegistry   scope: null,
70 silly mapToRegistry   escapedName: 'nan',
70 silly mapToRegistry   name: 'nan',
70 silly mapToRegistry   rawSpec: '',
70 silly mapToRegistry   spec: 'latest',
70 silly mapToRegistry   type: 'tag' }
71 silly mapToRegistry uri https://registry.npmjs.org/nan
72 verbose request uri https://registry.npmjs.org/bindings
73 verbose request no auth needed
74 info attempt registry request try #1 at 11:08:16 AM
75 verbose etag W/"580645d3-46f7"
76 verbose lastModified Tue, 18 Oct 2016 15:54:59 GMT
77 http request GET https://registry.npmjs.org/bindings
78 verbose request uri https://registry.npmjs.org/nan
79 verbose request no auth needed
80 info attempt registry request try #1 at 11:08:16 AM
81 verbose etag W/"58ee904e-1f9bf"
82 verbose lastModified Wed, 12 Apr 2017 20:38:38 GMT
83 http request GET https://registry.npmjs.org/nan
84 http 304 https://registry.npmjs.org/bindings
85 verbose headers { date: 'Sun, 23 Apr 2017 15:08:21 GMT',
85 verbose headers   via: '1.1 varnish',
85 verbose headers   'cache-control': 'max-age=300',
85 verbose headers   etag: 'W/"580645d3-46f7"',
85 verbose headers   age: '70',
85 verbose headers   connection: 'keep-alive',
85 verbose headers   'x-served-by': 'cache-jfk8132-JFK',
85 verbose headers   'x-cache': 'HIT',
85 verbose headers   'x-cache-hits': '1',
85 verbose headers   'x-timer': 'S1492960102.694735,VS0,VE0',
85 verbose headers   vary: 'Accept-Encoding' }
86 silly get cb [ 304,
86 silly get   { date: 'Sun, 23 Apr 2017 15:08:21 GMT',
86 silly get     via: '1.1 varnish',
86 silly get     'cache-control': 'max-age=300',
86 silly get     etag: 'W/"580645d3-46f7"',
86 silly get     age: '70',
86 silly get     connection: 'keep-alive',
86 silly get     'x-served-by': 'cache-jfk8132-JFK',
86 silly get     'x-cache': 'HIT',
86 silly get     'x-cache-hits': '1',
86 silly get     'x-timer': 'S1492960102.694735,VS0,VE0',
86 silly get     vary: 'Accept-Encoding' } ]
87 verbose etag https://registry.npmjs.org/bindings from cache
88 verbose get saving bindings to C:\Users\Nilay\AppData\Roaming\npm-cache\registry.npmjs.org\bindings\.cache.json
89 verbose correctMkdir C:\Users\Nilay\AppData\Roaming\npm-cache correctMkdir not in flight; initializing
90 silly resolveWithNewModule bindings@1.2.1 checking installable status
91 silly cache add args [ 'bindings@^1.2.1', null ]
92 verbose cache add spec bindings@^1.2.1
93 silly cache add parsed spec Result {
93 silly cache add   raw: 'bindings@^1.2.1',
93 silly cache add   scope: null,
93 silly cache add   escapedName: 'bindings',
93 silly cache add   name: 'bindings',
93 silly cache add   rawSpec: '^1.2.1',
93 silly cache add   spec: '>=1.2.1 <2.0.0',
93 silly cache add   type: 'range' }
94 silly addNamed bindings@>=1.2.1 <2.0.0
95 verbose addNamed ">=1.2.1 <2.0.0" is a valid semver range for bindings
96 silly addNameRange { name: 'bindings', range: '>=1.2.1 <2.0.0', hasData: false }
97 silly mapToRegistry name bindings
98 silly mapToRegistry using default registry
99 silly mapToRegistry registry https://registry.npmjs.org/
100 silly mapToRegistry data Result {
100 silly mapToRegistry   raw: 'bindings',
100 silly mapToRegistry   scope: null,
100 silly mapToRegistry   escapedName: 'bindings',
100 silly mapToRegistry   name: 'bindings',
100 silly mapToRegistry   rawSpec: '',
100 silly mapToRegistry   spec: 'latest',
100 silly mapToRegistry   type: 'tag' }
101 silly mapToRegistry uri https://registry.npmjs.org/bindings
102 verbose addNameRange registry:https://registry.npmjs.org/bindings not in flight; fetching
103 verbose get https://registry.npmjs.org/bindings not expired, no request
104 silly addNameRange number 2 { name: 'bindings', range: '>=1.2.1 <2.0.0', hasData: true }
105 silly addNameRange versions [ 'bindings',
105 silly addNameRange   [ '0.0.1',
105 silly addNameRange     '0.1.0',
105 silly addNameRange     '0.1.1',
105 silly addNameRange     '0.2.0',
105 silly addNameRange     '0.2.1',
105 silly addNameRange     '0.2.2',
105 silly addNameRange     '0.2.3',
105 silly addNameRange     '0.2.4',
105 silly addNameRange     '0.3.0',
105 silly addNameRange     '0.4.0',
105 silly addNameRange     '1.0.0',
105 silly addNameRange     '1.1.0',
105 silly addNameRange     '1.1.1',
105 silly addNameRange     '1.2.0',
105 silly addNameRange     '1.2.1' ] ]
106 silly addNamed bindings@1.2.1
107 verbose addNamed "1.2.1" is a plain semver version for bindings
108 silly cache afterAdd bindings@1.2.1
109 verbose afterAdd C:\Users\Nilay\AppData\Roaming\npm-cache\bindings\1.2.1\package\package.json not in flight; writing
110 verbose correctMkdir C:\Users\Nilay\AppData\Roaming\npm-cache correctMkdir not in flight; initializing
111 verbose afterAdd C:\Users\Nilay\AppData\Roaming\npm-cache\bindings\1.2.1\package\package.json written
112 http 304 https://registry.npmjs.org/nan
113 verbose headers { date: 'Sun, 23 Apr 2017 15:08:21 GMT',
113 verbose headers   via: '1.1 varnish',
113 verbose headers   'cache-control': 'max-age=300',
113 verbose headers   etag: 'W/"58ee904e-1f9bf"',
113 verbose headers   age: '290',
113 verbose headers   connection: 'keep-alive',
113 verbose headers   'x-served-by': 'cache-jfk8123-JFK',
113 verbose headers   'x-cache': 'HIT',
113 verbose headers   'x-cache-hits': '4',
113 verbose headers   'x-timer': 'S1492960102.746026,VS0,VE0',
113 verbose headers   vary: 'Accept-Encoding' }
114 silly get cb [ 304,
114 silly get   { date: 'Sun, 23 Apr 2017 15:08:21 GMT',
114 silly get     via: '1.1 varnish',
114 silly get     'cache-control': 'max-age=300',
114 silly get     etag: 'W/"58ee904e-1f9bf"',
114 silly get     age: '290',
114 silly get     connection: 'keep-alive',
114 silly get     'x-served-by': 'cache-jfk8123-JFK',
114 silly get     'x-cache': 'HIT',
114 silly get     'x-cache-hits': '4',
114 silly get     'x-timer': 'S1492960102.746026,VS0,VE0',
114 silly get     vary: 'Accept-Encoding' } ]
115 verbose etag https://registry.npmjs.org/nan from cache
116 verbose get saving nan to C:\Users\Nilay\AppData\Roaming\npm-cache\registry.npmjs.org\nan\.cache.json
117 verbose correctMkdir C:\Users\Nilay\AppData\Roaming\npm-cache correctMkdir not in flight; initializing
118 silly resolveWithNewModule nan@2.6.2 checking installable status
119 silly cache add args [ 'nan@^2.3.3', null ]
120 verbose cache add spec nan@^2.3.3
121 silly cache add parsed spec Result {
121 silly cache add   raw: 'nan@^2.3.3',
121 silly cache add   scope: null,
121 silly cache add   escapedName: 'nan',
121 silly cache add   name: 'nan',
121 silly cache add   rawSpec: '^2.3.3',
121 silly cache add   spec: '>=2.3.3 <3.0.0',
121 silly cache add   type: 'range' }
122 silly addNamed nan@>=2.3.3 <3.0.0
123 verbose addNamed ">=2.3.3 <3.0.0" is a valid semver range for nan
124 silly addNameRange { name: 'nan', range: '>=2.3.3 <3.0.0', hasData: false }
125 silly mapToRegistry name nan
126 silly mapToRegistry using default registry
127 silly mapToRegistry registry https://registry.npmjs.org/
128 silly mapToRegistry data Result {
128 silly mapToRegistry   raw: 'nan',
128 silly mapToRegistry   scope: null,
128 silly mapToRegistry   escapedName: 'nan',
128 silly mapToRegistry   name: 'nan',
128 silly mapToRegistry   rawSpec: '',
128 silly mapToRegistry   spec: 'latest',
128 silly mapToRegistry   type: 'tag' }
129 silly mapToRegistry uri https://registry.npmjs.org/nan
130 verbose addNameRange registry:https://registry.npmjs.org/nan not in flight; fetching
131 verbose get https://registry.npmjs.org/nan not expired, no request
132 silly addNameRange number 2 { name: 'nan', range: '>=2.3.3 <3.0.0', hasData: true }
133 silly addNameRange versions [ 'nan',
133 silly addNameRange   [ '0.3.0-wip',
133 silly addNameRange     '0.3.0-wip2',
133 silly addNameRange     '0.3.0',
133 silly addNameRange     '0.3.1',
133 silly addNameRange     '0.3.2',
133 silly addNameRange     '0.4.0',
133 silly addNameRange     '0.4.1',
133 silly addNameRange     '0.4.2',
133 silly addNameRange     '0.4.3',
133 silly addNameRange     '0.4.4',
133 silly addNameRange     '0.5.0',
133 silly addNameRange     '0.5.1',
133 silly addNameRange     '0.5.2',
133 silly addNameRange     '0.6.0',
133 silly addNameRange     '0.7.0',
133 silly addNameRange     '0.7.1',
133 silly addNameRange     '0.8.0',
133 silly addNameRange     '1.0.0',
133 silly addNameRange     '1.1.0',
133 silly addNameRange     '1.1.1',
133 silly addNameRange     '1.1.2',
133 silly addNameRange     '1.2.0',
133 silly addNameRange     '1.3.0',
133 silly addNameRange     '1.4.0',
133 silly addNameRange     '1.4.1',
133 silly addNameRange     '1.5.0',
133 silly addNameRange     '1.4.2',
133 silly addNameRange     '1.4.3',
133 silly addNameRange     '1.5.1',
133 silly addNameRange     '1.5.2',
133 silly addNameRange     '1.6.0',
133 silly addNameRange     '1.5.3',
133 silly addNameRange     '1.6.1',
133 silly addNameRange     '1.6.2',
133 silly addNameRange     '1.7.0',
133 silly addNameRange     '1.8.0',
133 silly addNameRange     '1.8.1',
133 silly addNameRange     '1.8.2',
133 silly addNameRange     '1.8.3',
133 silly addNameRange     '1.8.4',
133 silly addNameRange     '1.9.0',
133 silly addNameRange     '2.0.0',
133 silly addNameRange     '2.0.1',
133 silly addNameRange     '2.0.2',
133 silly addNameRange     '2.0.3',
133 silly addNameRange     '2.0.4',
133 silly addNameRange     '2.0.5',
133 silly addNameRange     '2.0.6',
133 silly addNameRange     '2.0.7',
133 silly addNameRange     '2.0.8',
133 silly addNameRange     '2.0.9',
133 silly addNameRange     '2.1.0',
133 silly addNameRange     '2.2.0',
133 silly addNameRange     '2.2.1',
133 silly addNameRange     '2.3.0',
133 silly addNameRange     '2.3.1',
133 silly addNameRange     '2.3.2',
133 silly addNameRange     '2.3.3',
133 silly addNameRange     '2.3.4',
133 silly addNameRange     '2.3.5',
133 silly addNameRange     '2.4.0',
133 silly addNameRange     '2.5.0',
133 silly addNameRange     '2.5.1',
133 silly addNameRange     '2.6.0',
133 silly addNameRange     '2.6.1',
133 silly addNameRange     '2.6.2' ] ]
134 silly addNamed nan@2.6.2
135 verbose addNamed "2.6.2" is a plain semver version for nan
136 silly cache afterAdd nan@2.6.2
137 verbose afterAdd C:\Users\Nilay\AppData\Roaming\npm-cache\nan\2.6.2\package\package.json not in flight; writing
138 verbose correctMkdir C:\Users\Nilay\AppData\Roaming\npm-cache correctMkdir not in flight; initializing
139 verbose afterAdd C:\Users\Nilay\AppData\Roaming\npm-cache\nan\2.6.2\package\package.json written
140 silly loadAllDepsIntoIdealTree Finishing
141 silly loadIdealTree Finishing
142 silly currentTree electron-app@1.0.0
142 silly currentTree +-- ajv@4.11.7
142 silly currentTree +-- ansi-regex@2.1.1
142 silly currentTree +-- array-find-index@1.0.2
142 silly currentTree +-- asn1@0.2.3
142 silly currentTree +-- assert-plus@0.2.0
142 silly currentTree +-- async@0.2.10
142 silly currentTree +-- asynckit@0.4.0
142 silly currentTree +-- aws-sign2@0.6.0
142 silly currentTree +-- aws4@1.6.0
142 silly currentTree +-- balanced-match@0.4.2
142 silly currentTree +-- bcrypt-pbkdf@1.0.1
142 silly currentTree +-- bluebird@3.5.0
142 silly currentTree +-- boom@2.10.1
142 silly currentTree +-- brace-expansion@1.1.7
142 silly currentTree +-- builtin-modules@1.1.1
142 silly currentTree +-- camelcase-keys@2.1.0
142 silly currentTree +-- camelcase@2.1.1
142 silly currentTree +-- caseless@0.12.0
142 silly currentTree +-- co@4.6.0
142 silly currentTree +-- code-point-at@1.1.0
142 silly currentTree +-- combined-stream@1.0.5
142 silly currentTree +-- concat-map@0.0.1
142 silly currentTree +-- concat-stream@1.5.0
142 silly currentTree | +-- isarray@1.0.0
142 silly currentTree | `-- readable-stream@2.0.6
142 silly currentTree +-- core-util-is@1.0.2
142 silly currentTree +-- cryptiles@2.0.5
142 silly currentTree +-- css
142 silly currentTree +-- currently-unhandled@0.4.1
142 silly currentTree +-- dashdash@1.14.1
142 silly currentTree | `-- assert-plus@1.0.0
142 silly currentTree +-- debug@2.6.3
142 silly currentTree +-- decamelize@1.2.0
142 silly currentTree +-- deep-extend@0.4.1
142 silly currentTree +-- delayed-stream@1.0.0
142 silly currentTree +-- ecc-jsbn@0.1.1
142 silly currentTree +-- electron-download@3.3.0
142 silly currentTree +-- electron-prebuilt@0.35.6
142 silly currentTree | +-- electron-download@1.4.1
142 silly currentTree | +-- nugget@1.6.2
142 silly currentTree | +-- path-exists@1.0.0
142 silly currentTree | +-- pretty-bytes@1.0.4
142 silly currentTree | `-- single-line-log@0.4.1
142 silly currentTree +-- electron@1.6.2
142 silly currentTree +-- error-ex@1.3.1
142 silly currentTree +-- es6-promise@4.1.0
142 silly currentTree +-- escape-regexp@0.0.1
142 silly currentTree +-- extend@3.0.0
142 silly currentTree +-- extract-zip@1.6.0
142 silly currentTree | `-- debug@0.7.4
142 silly currentTree +-- extsprintf@1.0.2
142 silly currentTree +-- fd-slicer@1.0.1
142 silly currentTree +-- find-up@1.1.2
142 silly currentTree +-- forever-agent@0.6.1
142 silly currentTree +-- form-data@2.1.4
142 silly currentTree +-- fs-extra@0.30.0
142 silly currentTree +-- fs-finder@1.8.1
142 silly currentTree +-- fs.realpath@1.0.0
142 silly currentTree +-- get-stdin@4.0.1
142 silly currentTree +-- getpass@0.1.6
142 silly currentTree | `-- assert-plus@1.0.0
142 silly currentTree +-- glob@7.1.1
142 silly currentTree +-- graceful-fs@4.1.11
142 silly currentTree +-- har-schema@1.0.5
142 silly currentTree +-- har-validator@4.2.1
142 silly currentTree +-- hawk@3.1.3
142 silly currentTree +-- hoek@2.16.3
142 silly currentTree +-- home-path@1.0.5
142 silly currentTree +-- hosted-git-info@2.4.2
142 silly currentTree +-- http-signature@1.1.1
142 silly currentTree +-- indent-string@2.1.0
142 silly currentTree +-- index.html
142 silly currentTree +-- inflight@1.0.6
142 silly currentTree +-- inherits@2.0.3
142 silly currentTree +-- ini@1.3.4
142 silly currentTree +-- is-arrayish@0.2.1
142 silly currentTree +-- is-builtin-module@1.0.0
142 silly currentTree +-- is-finite@1.0.2
142 silly currentTree +-- is-fullwidth-code-point@1.0.0
142 silly currentTree +-- is-typedarray@1.0.0
142 silly currentTree +-- is-utf8@0.2.1
142 silly currentTree +-- isarray@0.0.1
142 silly currentTree +-- isstream@0.1.2
142 silly currentTree +-- jodid25519@1.0.2
142 silly currentTree +-- js
142 silly currentTree +-- jsbn@0.1.1
142 silly currentTree +-- json-schema@0.2.3
142 silly currentTree +-- json-stable-stringify@1.0.1
142 silly currentTree +-- json-stringify-safe@5.0.1
142 silly currentTree +-- jsonfile@2.4.0
142 silly currentTree +-- jsonify@0.0.0
142 silly currentTree +-- jsprim@1.4.0
142 silly currentTree | `-- assert-plus@1.0.0
142 silly currentTree +-- klaw@1.3.1
142 silly currentTree +-- load-json-file@1.1.0
142 silly currentTree +-- loud-rejection@1.6.0
142 silly currentTree +-- main.js
142 silly currentTree +-- map-obj@1.0.1
142 silly currentTree +-- meow@3.7.0
142 silly currentTree +-- mime-db@1.27.0
142 silly currentTree +-- mime-types@2.1.15
142 silly currentTree +-- minimatch@3.0.3
142 silly currentTree +-- minimist@1.2.0
142 silly currentTree +-- mkdirp@0.5.0
142 silly currentTree | `-- minimist@0.0.8
142 silly currentTree +-- moment@2.5.1
142 silly currentTree +-- ms@0.7.2
142 silly currentTree +-- mv@2.1.1
142 silly currentTree | +-- glob@6.0.4
142 silly currentTree | +-- minimist@0.0.8
142 silly currentTree | +-- mkdirp@0.5.1
142 silly currentTree | `-- rimraf@2.4.5
142 silly currentTree +-- ncp@2.0.0
142 silly currentTree +-- normalize-package-data@2.3.6
142 silly currentTree +-- nugget@2.0.1
142 silly currentTree | `-- pretty-bytes@1.0.4
142 silly currentTree +-- number-is-nan@1.0.1
142 silly currentTree +-- oauth-sign@0.8.2
142 silly currentTree +-- object-assign@4.1.1
142 silly currentTree +-- object-keys@0.4.0
142 silly currentTree +-- once@1.4.0
142 silly currentTree +-- operator-compare@1.0.3
142 silly currentTree +-- package.json
142 silly currentTree +-- parse-json@2.2.0
142 silly currentTree +-- path-exists@2.1.0
142 silly currentTree +-- path-is-absolute@1.0.1
142 silly currentTree +-- path-type@1.1.0
142 silly currentTree +-- pend@1.2.0
142 silly currentTree +-- performance-now@0.2.0
142 silly currentTree +-- pify@2.3.0
142 silly currentTree +-- pinkie-promise@2.0.1
142 silly currentTree +-- pinkie@2.0.4
142 silly currentTree +-- pretty-bytes@2.0.1
142 silly currentTree +-- process-nextick-args@1.0.7
142 silly currentTree +-- progress-stream@1.2.0
142 silly currentTree +-- punycode@1.4.1
142 silly currentTree +-- q@1.0.1
142 silly currentTree +-- qs@6.4.0
142 silly currentTree +-- rc@1.2.1
142 silly currentTree +-- read-pkg-up@1.0.1
142 silly currentTree +-- read-pkg@1.1.0
142 silly currentTree +-- readable-stream@1.1.14
142 silly currentTree +-- redent@1.0.0
142 silly currentTree +-- repeating@2.0.1
142 silly currentTree +-- request@2.81.0
142 silly currentTree +-- rimraf@2.6.1
142 silly currentTree +-- safe-buffer@5.0.1
142 silly currentTree +-- secure-random-string@1.0.0
142 silly currentTree +-- secure-random@1.1.1
142 silly currentTree +-- semver@5.3.0
142 silly currentTree +-- signal-exit@3.0.2
142 silly currentTree +-- single-line-log@1.1.2
142 silly currentTree +-- sntp@1.0.9
142 silly currentTree +-- spdx-correct@1.0.2
142 silly currentTree +-- spdx-expression-parse@1.0.4
142 silly currentTree +-- spdx-license-ids@1.2.2
142 silly currentTree +-- speedometer@0.1.4
142 silly currentTree +-- sshpk@1.13.0
142 silly currentTree | `-- assert-plus@1.0.0
142 silly currentTree +-- string_decoder@0.10.31
142 silly currentTree +-- string-width@1.0.2
142 silly currentTree +-- stringstream@0.0.5
142 silly currentTree +-- strip-ansi@3.0.1
142 silly currentTree +-- strip-bom@2.0.0
142 silly currentTree +-- strip-indent@1.0.1
142 silly currentTree +-- strip-json-comments@2.0.1
142 silly currentTree +-- sumchecker@1.3.1
142 silly currentTree +-- throttleit@0.0.2
142 silly currentTree +-- through2@0.2.3
142 silly currentTree +-- tough-cookie@2.3.2
142 silly currentTree +-- trim-newlines@1.0.0
142 silly currentTree +-- tunnel-agent@0.6.0
142 silly currentTree +-- tweetnacl@0.14.5
142 silly currentTree +-- typedarray@0.0.6
142 silly currentTree +-- util-deprecate@1.0.2
142 silly currentTree +-- uuid@3.0.1
142 silly currentTree +-- validate-npm-package-license@3.0.1
142 silly currentTree +-- verror@1.3.6
142 silly currentTree +-- wrappy@1.0.2
142 silly currentTree +-- xtend@2.1.2
142 silly currentTree `-- yauzl@2.4.1
143 silly idealTree electron-app@1.0.0
143 silly idealTree +-- ajv@4.11.7
143 silly idealTree +-- ansi-regex@2.1.1
143 silly idealTree +-- array-find-index@1.0.2
143 silly idealTree +-- asn1@0.2.3
143 silly idealTree +-- assert-plus@0.2.0
143 silly idealTree +-- async@0.2.10
143 silly idealTree +-- asynckit@0.4.0
143 silly idealTree +-- aws-sign2@0.6.0
143 silly idealTree +-- aws4@1.6.0
143 silly idealTree +-- balanced-match@0.4.2
143 silly idealTree +-- bcrypt-pbkdf@1.0.1
143 silly idealTree +-- bindings@1.2.1
143 silly idealTree +-- bluebird@3.5.0
143 silly idealTree +-- boom@2.10.1
143 silly idealTree +-- brace-expansion@1.1.7
143 silly idealTree +-- builtin-modules@1.1.1
143 silly idealTree +-- camelcase-keys@2.1.0
143 silly idealTree +-- camelcase@2.1.1
143 silly idealTree +-- caseless@0.12.0
143 silly idealTree +-- co@4.6.0
143 silly idealTree +-- code-point-at@1.1.0
143 silly idealTree +-- combined-stream@1.0.5
143 silly idealTree +-- concat-map@0.0.1
143 silly idealTree +-- concat-stream@1.5.0
143 silly idealTree | +-- isarray@1.0.0
143 silly idealTree | `-- readable-stream@2.0.6
143 silly idealTree +-- core-util-is@1.0.2
143 silly idealTree +-- cryptiles@2.0.5
143 silly idealTree +-- css
143 silly idealTree +-- currently-unhandled@0.4.1
143 silly idealTree +-- dashdash@1.14.1
143 silly idealTree | `-- assert-plus@1.0.0
143 silly idealTree +-- debug@2.6.3
143 silly idealTree +-- decamelize@1.2.0
143 silly idealTree +-- deep-extend@0.4.1
143 silly idealTree +-- delayed-stream@1.0.0
143 silly idealTree +-- ecc-jsbn@0.1.1
143 silly idealTree +-- electron-download@3.3.0
143 silly idealTree +-- electron-prebuilt@0.35.6
143 silly idealTree | +-- electron-download@1.4.1
143 silly idealTree | +-- nugget@1.6.2
143 silly idealTree | +-- path-exists@1.0.0
143 silly idealTree | +-- pretty-bytes@1.0.4
143 silly idealTree | `-- single-line-log@0.4.1
143 silly idealTree +-- electron@1.6.2
143 silly idealTree +-- error-ex@1.3.1
143 silly idealTree +-- es6-promise@4.1.0
143 silly idealTree +-- escape-regexp@0.0.1
143 silly idealTree +-- extend@3.0.0
143 silly idealTree +-- extract-zip@1.6.0
143 silly idealTree | `-- debug@0.7.4
143 silly idealTree +-- extsprintf@1.0.2
143 silly idealTree +-- fd-slicer@1.0.1
143 silly idealTree +-- find-up@1.1.2
143 silly idealTree +-- forever-agent@0.6.1
143 silly idealTree +-- form-data@2.1.4
143 silly idealTree +-- fs-extra@0.30.0
143 silly idealTree +-- fs-finder@1.8.1
143 silly idealTree +-- fs.realpath@1.0.0
143 silly idealTree +-- get-stdin@4.0.1
143 silly idealTree +-- getpass@0.1.6
143 silly idealTree | `-- assert-plus@1.0.0
143 silly idealTree +-- glob@7.1.1
143 silly idealTree +-- graceful-fs@4.1.11
143 silly idealTree +-- har-schema@1.0.5
143 silly idealTree +-- har-validator@4.2.1
143 silly idealTree +-- hawk@3.1.3
143 silly idealTree +-- hoek@2.16.3
143 silly idealTree +-- home-path@1.0.5
143 silly idealTree +-- hosted-git-info@2.4.2
143 silly idealTree +-- http-signature@1.1.1
143 silly idealTree +-- indent-string@2.1.0
143 silly idealTree +-- index.html
143 silly idealTree +-- inflight@1.0.6
143 silly idealTree +-- inherits@2.0.3
143 silly idealTree +-- ini@1.3.4
143 silly idealTree +-- is-arrayish@0.2.1
143 silly idealTree +-- is-builtin-module@1.0.0
143 silly idealTree +-- is-finite@1.0.2
143 silly idealTree +-- is-fullwidth-code-point@1.0.0
143 silly idealTree +-- is-typedarray@1.0.0
143 silly idealTree +-- is-utf8@0.2.1
143 silly idealTree +-- isarray@0.0.1
143 silly idealTree +-- isstream@0.1.2
143 silly idealTree +-- jodid25519@1.0.2
143 silly idealTree +-- js
143 silly idealTree +-- jsbn@0.1.1
143 silly idealTree +-- json-schema@0.2.3
143 silly idealTree +-- json-stable-stringify@1.0.1
143 silly idealTree +-- json-stringify-safe@5.0.1
143 silly idealTree +-- jsonfile@2.4.0
143 silly idealTree +-- jsonify@0.0.0
143 silly idealTree +-- jsprim@1.4.0
143 silly idealTree | `-- assert-plus@1.0.0
143 silly idealTree +-- klaw@1.3.1
143 silly idealTree +-- load-json-file@1.1.0
143 silly idealTree +-- loud-rejection@1.6.0
143 silly idealTree +-- main.js
143 silly idealTree +-- map-obj@1.0.1
143 silly idealTree +-- meow@3.7.0
143 silly idealTree +-- mime-db@1.27.0
143 silly idealTree +-- mime-types@2.1.15
143 silly idealTree +-- minimatch@3.0.3
143 silly idealTree +-- minimist@1.2.0
143 silly idealTree +-- mkdirp@0.5.0
143 silly idealTree | `-- minimist@0.0.8
143 silly idealTree +-- moment@2.5.1
143 silly idealTree +-- ms@0.7.2
143 silly idealTree +-- mv@2.1.1
143 silly idealTree | +-- glob@6.0.4
143 silly idealTree | +-- minimist@0.0.8
143 silly idealTree | +-- mkdirp@0.5.1
143 silly idealTree | `-- rimraf@2.4.5
143 silly idealTree +-- nan@2.6.2
143 silly idealTree +-- ncp@2.0.0
143 silly idealTree +-- normalize-package-data@2.3.6
143 silly idealTree +-- nugget@2.0.1
143 silly idealTree | `-- pretty-bytes@1.0.4
143 silly idealTree +-- number-is-nan@1.0.1
143 silly idealTree +-- oauth-sign@0.8.2
143 silly idealTree +-- object-assign@4.1.1
143 silly idealTree +-- object-keys@0.4.0
143 silly idealTree +-- once@1.4.0
143 silly idealTree +-- operator-compare@1.0.3
143 silly idealTree +-- package.json
143 silly idealTree +-- parse-json@2.2.0
143 silly idealTree +-- path-exists@2.1.0
143 silly idealTree +-- path-is-absolute@1.0.1
143 silly idealTree +-- path-type@1.1.0
143 silly idealTree +-- pend@1.2.0
143 silly idealTree +-- performance-now@0.2.0
143 silly idealTree +-- pify@2.3.0
143 silly idealTree +-- pinkie-promise@2.0.1
143 silly idealTree +-- pinkie@2.0.4
143 silly idealTree +-- pretty-bytes@2.0.1
143 silly idealTree +-- process-nextick-args@1.0.7
143 silly idealTree +-- progress-stream@1.2.0
143 silly idealTree +-- punycode@1.4.1
143 silly idealTree +-- q@1.0.1
143 silly idealTree +-- qs@6.4.0
143 silly idealTree +-- rc@1.2.1
143 silly idealTree +-- read-pkg-up@1.0.1
143 silly idealTree +-- read-pkg@1.1.0
143 silly idealTree +-- readable-stream@1.1.14
143 silly idealTree +-- redent@1.0.0
143 silly idealTree +-- repeating@2.0.1
143 silly idealTree +-- request@2.81.0
143 silly idealTree +-- rimraf@2.6.1
143 silly idealTree +-- safe-buffer@5.0.1
143 silly idealTree +-- secure-random-string@1.0.0
143 silly idealTree +-- secure-random@1.1.1
143 silly idealTree +-- semver@5.3.0
143 silly idealTree +-- signal-exit@3.0.2
143 silly idealTree +-- single-line-log@1.1.2
143 silly idealTree +-- sntp@1.0.9
143 silly idealTree +-- spdx-correct@1.0.2
143 silly idealTree +-- spdx-expression-parse@1.0.4
143 silly idealTree +-- spdx-license-ids@1.2.2
143 silly idealTree +-- speedometer@0.1.4
143 silly idealTree +-- sshpk@1.13.0
143 silly idealTree | `-- assert-plus@1.0.0
143 silly idealTree +-- string_decoder@0.10.31
143 silly idealTree +-- string-width@1.0.2
143 silly idealTree +-- stringstream@0.0.5
143 silly idealTree +-- strip-ansi@3.0.1
143 silly idealTree +-- strip-bom@2.0.0
143 silly idealTree +-- strip-indent@1.0.1
143 silly idealTree +-- strip-json-comments@2.0.1
143 silly idealTree +-- sumchecker@1.3.1
143 silly idealTree +-- throttleit@0.0.2
143 silly idealTree +-- through2@0.2.3
143 silly idealTree +-- tough-cookie@2.3.2
143 silly idealTree +-- trim-newlines@1.0.0
143 silly idealTree +-- tunnel-agent@0.6.0
143 silly idealTree +-- tweetnacl@0.14.5
143 silly idealTree +-- typedarray@0.0.6
143 silly idealTree +-- ursa@0.9.4
143 silly idealTree +-- util-deprecate@1.0.2
143 silly idealTree +-- uuid@3.0.1
143 silly idealTree +-- validate-npm-package-license@3.0.1
143 silly idealTree +-- verror@1.3.6
143 silly idealTree +-- wrappy@1.0.2
143 silly idealTree +-- xtend@2.1.2
143 silly idealTree `-- yauzl@2.4.1
144 silly generateActionsToTake Starting
145 silly install generateActionsToTake
146 silly generateActionsToTake Finishing
147 silly diffTrees action count 3
148 silly diffTrees add bindings@1.2.1
149 silly diffTrees add nan@2.6.2
150 silly diffTrees add ursa@0.9.4
151 silly decomposeActions action count 24
152 silly decomposeActions fetch bindings@1.2.1
153 silly decomposeActions extract bindings@1.2.1
154 silly decomposeActions test bindings@1.2.1
155 silly decomposeActions preinstall bindings@1.2.1
156 silly decomposeActions build bindings@1.2.1
157 silly decomposeActions install bindings@1.2.1
158 silly decomposeActions postinstall bindings@1.2.1
159 silly decomposeActions finalize bindings@1.2.1
160 silly decomposeActions fetch nan@2.6.2
161 silly decomposeActions extract nan@2.6.2
162 silly decomposeActions test nan@2.6.2
163 silly decomposeActions preinstall nan@2.6.2
164 silly decomposeActions build nan@2.6.2
165 silly decomposeActions install nan@2.6.2
166 silly decomposeActions postinstall nan@2.6.2
167 silly decomposeActions finalize nan@2.6.2
168 silly decomposeActions fetch ursa@0.9.4
169 silly decomposeActions extract ursa@0.9.4
170 silly decomposeActions test ursa@0.9.4
171 silly decomposeActions preinstall ursa@0.9.4
172 silly decomposeActions build ursa@0.9.4
173 silly decomposeActions install ursa@0.9.4
174 silly decomposeActions postinstall ursa@0.9.4
175 silly decomposeActions finalize ursa@0.9.4
176 silly executeActions Starting
177 silly install executeActions
178 silly doSerial global-install 0
179 silly doParallel fetch 3
180 verbose correctMkdir C:\Users\Nilay\AppData\Roaming\npm-cache\_locks correctMkdir not in flight; initializing
181 verbose lock using C:\Users\Nilay\AppData\Roaming\npm-cache\_locks\staging-eebc74b60590ae0e.lock for C:\Users\Nilay\Documents\GitHub\RansomeWareJS\node_modules\.staging
182 silly doParallel extract 3
183 silly extract bindings@1.2.1
184 silly extract nan@2.6.2
185 silly extract ursa@0.9.4
186 verbose unbuild node_modules\.staging\bindings-3b88ac07
187 verbose unbuild node_modules\.staging\nan-2b0e8b9a
188 verbose unbuild node_modules\.staging\ursa-0d8f6651
189 silly gentlyRm C:\Users\Nilay\Documents\GitHub\RansomeWareJS\node_modules\.staging\bindings-3b88ac07 is being purged from base C:\Users\Nilay\Documents\GitHub\RansomeWareJS
190 verbose gentlyRm don't care about contents; nuking C:\Users\Nilay\Documents\GitHub\RansomeWareJS\node_modules\.staging\bindings-3b88ac07
191 silly gentlyRm C:\Users\Nilay\Documents\GitHub\RansomeWareJS\node_modules\.staging\nan-2b0e8b9a is being purged from base C:\Users\Nilay\Documents\GitHub\RansomeWareJS
192 verbose gentlyRm don't care about contents; nuking C:\Users\Nilay\Documents\GitHub\RansomeWareJS\node_modules\.staging\nan-2b0e8b9a
193 verbose tar unpack C:\Users\Nilay\AppData\Roaming\npm-cache\bindings\1.2.1\package.tgz
194 verbose tar unpacking to C:\Users\Nilay\Documents\GitHub\RansomeWareJS\node_modules\.staging\bindings-3b88ac07
195 silly gentlyRm C:\Users\Nilay\Documents\GitHub\RansomeWareJS\node_modules\.staging\bindings-3b88ac07 is being purged
196 verbose gentlyRm don't care about contents; nuking C:\Users\Nilay\Documents\GitHub\RansomeWareJS\node_modules\.staging\bindings-3b88ac07
197 silly gentlyRm C:\Users\Nilay\Documents\GitHub\RansomeWareJS\node_modules\.staging\ursa-0d8f6651 is being purged from base C:\Users\Nilay\Documents\GitHub\RansomeWareJS
198 verbose gentlyRm don't care about contents; nuking C:\Users\Nilay\Documents\GitHub\RansomeWareJS\node_modules\.staging\ursa-0d8f6651
199 verbose tar unpack C:\Users\Nilay\AppData\Roaming\npm-cache\nan\2.6.2\package.tgz
200 verbose tar unpacking to C:\Users\Nilay\Documents\GitHub\RansomeWareJS\node_modules\.staging\nan-2b0e8b9a
201 silly gentlyRm C:\Users\Nilay\Documents\GitHub\RansomeWareJS\node_modules\.staging\nan-2b0e8b9a is being purged
202 verbose gentlyRm don't care about contents; nuking C:\Users\Nilay\Documents\GitHub\RansomeWareJS\node_modules\.staging\nan-2b0e8b9a
203 silly gunzTarPerm modes [ '777', '666' ]
204 verbose tar unpack C:\Users\Nilay\AppData\Roaming\npm-cache\ursa\0.9.4\package.tgz
205 verbose tar unpacking to C:\Users\Nilay\Documents\GitHub\RansomeWareJS\node_modules\.staging\ursa-0d8f6651
206 silly gentlyRm C:\Users\Nilay\Documents\GitHub\RansomeWareJS\node_modules\.staging\ursa-0d8f6651 is being purged
207 verbose gentlyRm don't care about contents; nuking C:\Users\Nilay\Documents\GitHub\RansomeWareJS\node_modules\.staging\ursa-0d8f6651
208 silly gunzTarPerm modes [ '777', '666' ]
209 silly gunzTarPerm modes [ '777', '666' ]
210 silly gunzTarPerm extractEntry package.json
211 silly gunzTarPerm modified mode [ 'package.json', 420, 438 ]
212 silly gunzTarPerm extractEntry package.json
213 silly gunzTarPerm modified mode [ 'package.json', 436, 438 ]
214 silly gunzTarPerm extractEntry package.json
215 silly gunzTarPerm modified mode [ 'package.json', 420, 438 ]
216 silly gunzTarPerm extractEntry README.md
217 silly gunzTarPerm modified mode [ 'README.md', 420, 438 ]
218 silly gunzTarPerm extractEntry bindings.js
219 silly gunzTarPerm modified mode [ 'bindings.js', 420, 438 ]
220 silly gunzTarPerm extractEntry README.md
221 silly gunzTarPerm modified mode [ 'README.md', 436, 438 ]
222 silly gunzTarPerm extractEntry include_dirs.js
223 silly gunzTarPerm modified mode [ 'include_dirs.js', 436, 438 ]
224 silly gunzTarPerm extractEntry .npmignore
225 silly gunzTarPerm modified mode [ '.npmignore', 420, 438 ]
226 silly gunzTarPerm extractEntry README.md
227 silly gunzTarPerm modified mode [ 'README.md', 420, 438 ]
228 silly gunzTarPerm extractEntry nan_converters_43_inl.h
229 silly gunzTarPerm modified mode [ 'nan_converters_43_inl.h', 436, 438 ]
230 silly gunzTarPerm extractEntry LICENSE.md
231 silly gunzTarPerm modified mode [ 'LICENSE.md', 436, 438 ]
232 silly gunzTarPerm extractEntry doc/new.md
233 silly gunzTarPerm modified mode [ 'doc/new.md', 436, 438 ]
234 silly gunzTarPerm extractEntry doc/asyncworker.md
235 silly gunzTarPerm modified mode [ 'doc/asyncworker.md', 436, 438 ]
236 silly gunzTarPerm extractEntry binding.gyp
237 silly gunzTarPerm modified mode [ 'binding.gyp', 420, 438 ]
238 silly gunzTarPerm extractEntry .travis.yml
239 silly gunzTarPerm modified mode [ '.travis.yml', 420, 438 ]
240 silly gunzTarPerm extractEntry lib/ursa.js
241 silly gunzTarPerm modified mode [ 'lib/ursa.js', 420, 438 ]
242 silly gunzTarPerm extractEntry src/ursaNative.cc
243 silly gunzTarPerm modified mode [ 'src/ursaNative.cc', 420, 438 ]
244 silly gunzTarPerm extractEntry src/ursaNative.h
245 silly gunzTarPerm modified mode [ 'src/ursaNative.h', 420, 438 ]
246 silly gunzTarPerm extractEntry doc/callback.md
247 silly gunzTarPerm modified mode [ 'doc/callback.md', 436, 438 ]
248 silly gunzTarPerm extractEntry doc/converters.md
249 silly gunzTarPerm modified mode [ 'doc/converters.md', 436, 438 ]
250 silly gentlyRm C:\Users\Nilay\Documents\GitHub\RansomeWareJS\node_modules\.staging\bindings-3b88ac07\node_modules is being purged
251 verbose gentlyRm don't care about contents; nuking C:\Users\Nilay\Documents\GitHub\RansomeWareJS\node_modules\.staging\bindings-3b88ac07\node_modules
252 silly gunzTarPerm extractEntry doc/errors.md
253 silly gunzTarPerm modified mode [ 'doc/errors.md', 436, 438 ]
254 silly gunzTarPerm extractEntry doc/json.md
255 silly gunzTarPerm modified mode [ 'doc/json.md', 436, 438 ]
256 silly gunzTarPerm extractEntry doc/maybe_types.md
257 silly gunzTarPerm modified mode [ 'doc/maybe_types.md', 436, 438 ]
258 silly gunzTarPerm extractEntry doc/methods.md
259 silly gunzTarPerm modified mode [ 'doc/methods.md', 436, 438 ]
260 silly gunzTarPerm extractEntry LICENSE.txt
261 silly gunzTarPerm modified mode [ 'LICENSE.txt', 420, 438 ]
262 silly gunzTarPerm extractEntry test/fixture.js
263 silly gunzTarPerm modified mode [ 'test/fixture.js', 420, 438 ]
264 silly gunzTarPerm extractEntry doc/buffers.md
265 silly gunzTarPerm modified mode [ 'doc/buffers.md', 436, 438 ]
266 silly gunzTarPerm extractEntry doc/node_misc.md
267 silly gunzTarPerm modified mode [ 'doc/node_misc.md', 436, 438 ]
268 silly gunzTarPerm extractEntry test/native.js
269 silly gunzTarPerm modified mode [ 'test/native.js', 420, 438 ]
270 silly gunzTarPerm extractEntry test/test.js
271 silly gunzTarPerm modified mode [ 'test/test.js', 420, 438 ]
272 silly gunzTarPerm extractEntry test/blort.pub
273 silly gunzTarPerm modified mode [ 'test/blort.pub', 420, 438 ]
274 silly gunzTarPerm extractEntry test/blort.sshpub
275 silly gunzTarPerm modified mode [ 'test/blort.sshpub', 420, 438 ]
276 silly gunzTarPerm extractEntry test/blort-pass.pem
277 silly gunzTarPerm modified mode [ 'test/blort-pass.pem', 420, 438 ]
278 silly gunzTarPerm extractEntry test/another_zorch.pem
279 silly gunzTarPerm modified mode [ 'test/another_zorch.pem', 420, 438 ]
280 silly gunzTarPerm extractEntry doc/object_wrappers.md
281 silly gunzTarPerm modified mode [ 'doc/object_wrappers.md', 436, 438 ]
282 silly gunzTarPerm extractEntry doc/persistent.md
283 silly gunzTarPerm modified mode [ 'doc/persistent.md', 436, 438 ]
284 silly gunzTarPerm extractEntry doc/scopes.md
285 silly gunzTarPerm modified mode [ 'doc/scopes.md', 436, 438 ]
286 silly gunzTarPerm extractEntry doc/script.md
287 silly gunzTarPerm modified mode [ 'doc/script.md', 436, 438 ]
288 silly gunzTarPerm extractEntry doc/string_bytes.md
289 silly gunzTarPerm modified mode [ 'doc/string_bytes.md', 436, 438 ]
290 silly gunzTarPerm extractEntry doc/v8_internals.md
291 silly gunzTarPerm modified mode [ 'doc/v8_internals.md', 436, 438 ]
292 silly gunzTarPerm extractEntry doc/v8_misc.md
293 silly gunzTarPerm modified mode [ 'doc/v8_misc.md', 436, 438 ]
294 silly gunzTarPerm extractEntry nan.h
295 silly gunzTarPerm modified mode [ 'nan.h', 436, 438 ]
296 silly gunzTarPerm extractEntry nan_callbacks.h
297 silly gunzTarPerm modified mode [ 'nan_callbacks.h', 436, 438 ]
298 silly gunzTarPerm extractEntry nan_callbacks_12_inl.h
299 silly gunzTarPerm modified mode [ 'nan_callbacks_12_inl.h', 436, 438 ]
300 silly gunzTarPerm extractEntry nan_callbacks_pre_12_inl.h
301 silly gunzTarPerm modified mode [ 'nan_callbacks_pre_12_inl.h', 436, 438 ]
302 silly gunzTarPerm extractEntry nan_converters.h
303 silly gunzTarPerm modified mode [ 'nan_converters.h', 436, 438 ]
304 silly gunzTarPerm extractEntry nan_converters_pre_43_inl.h
305 silly gunzTarPerm modified mode [ 'nan_converters_pre_43_inl.h', 436, 438 ]
306 silly gunzTarPerm extractEntry test/pss_tv.pub
307 silly gunzTarPerm modified mode [ 'test/pss_tv.pub', 420, 438 ]
308 silly gunzTarPerm extractEntry test/blort.pem
309 silly gunzTarPerm modified mode [ 'test/blort.pem', 420, 438 ]
310 silly gunzTarPerm extractEntry test/zorch.pem
311 silly gunzTarPerm modified mode [ 'test/zorch.pem', 420, 438 ]
312 silly gunzTarPerm extractEntry test/zorch.pub
313 silly gunzTarPerm modified mode [ 'test/zorch.pub', 420, 438 ]
314 silly gunzTarPerm extractEntry nan_implementation_12_inl.h
315 silly gunzTarPerm modified mode [ 'nan_implementation_12_inl.h', 436, 438 ]
316 silly gunzTarPerm extractEntry nan_implementation_pre_12_inl.h
317 silly gunzTarPerm modified mode [ 'nan_implementation_pre_12_inl.h', 436, 438 ]
318 silly gunzTarPerm extractEntry nan_json.h
319 silly gunzTarPerm modified mode [ 'nan_json.h', 436, 438 ]
320 silly gunzTarPerm extractEntry nan_maybe_43_inl.h
321 silly gunzTarPerm modified mode [ 'nan_maybe_43_inl.h', 436, 438 ]
322 silly gunzTarPerm extractEntry nan_maybe_pre_43_inl.h
323 silly gunzTarPerm modified mode [ 'nan_maybe_pre_43_inl.h', 436, 438 ]
324 silly gunzTarPerm extractEntry nan_new.h
325 silly gunzTarPerm modified mode [ 'nan_new.h', 436, 438 ]
326 silly gunzTarPerm extractEntry nan_object_wrap.h
327 silly gunzTarPerm modified mode [ 'nan_object_wrap.h', 436, 438 ]
328 silly gunzTarPerm extractEntry nan_persistent_12_inl.h
329 silly gunzTarPerm modified mode [ 'nan_persistent_12_inl.h', 436, 438 ]
330 silly gunzTarPerm extractEntry nan_persistent_pre_12_inl.h
331 silly gunzTarPerm modified mode [ 'nan_persistent_pre_12_inl.h', 436, 438 ]
332 silly gunzTarPerm extractEntry nan_private.h
333 silly gunzTarPerm modified mode [ 'nan_private.h', 436, 438 ]
334 silly gunzTarPerm extractEntry nan_string_bytes.h
335 silly gunzTarPerm modified mode [ 'nan_string_bytes.h', 436, 438 ]
336 silly gunzTarPerm extractEntry nan_typedarray_contents.h
337 silly gunzTarPerm modified mode [ 'nan_typedarray_contents.h', 436, 438 ]
338 silly gunzTarPerm extractEntry nan_weak.h
339 silly gunzTarPerm modified mode [ 'nan_weak.h', 436, 438 ]
340 silly gunzTarPerm extractEntry CHANGELOG.md
341 silly gunzTarPerm modified mode [ 'CHANGELOG.md', 436, 438 ]
342 silly gunzTarPerm extractEntry tools/package.json
343 silly gunzTarPerm modified mode [ 'tools/package.json', 436, 438 ]
344 silly gunzTarPerm extractEntry tools/README.md
345 silly gunzTarPerm modified mode [ 'tools/README.md', 436, 438 ]
346 silly gunzTarPerm extractEntry tools/1to2.js
347 silly gunzTarPerm modified mode [ 'tools/1to2.js', 509, 511 ]
348 silly gentlyRm C:\Users\Nilay\Documents\GitHub\RansomeWareJS\node_modules\.staging\ursa-0d8f6651\node_modules is being purged
349 verbose gentlyRm don't care about contents; nuking C:\Users\Nilay\Documents\GitHub\RansomeWareJS\node_modules\.staging\ursa-0d8f6651\node_modules
350 silly gentlyRm C:\Users\Nilay\Documents\GitHub\RansomeWareJS\node_modules\.staging\nan-2b0e8b9a\node_modules is being purged
351 verbose gentlyRm don't care about contents; nuking C:\Users\Nilay\Documents\GitHub\RansomeWareJS\node_modules\.staging\nan-2b0e8b9a\node_modules
352 silly doParallel preinstall 3
353 silly preinstall bindings@1.2.1 C:\Users\Nilay\Documents\GitHub\RansomeWareJS\node_modules\.staging\bindings-3b88ac07
354 info lifecycle bindings@1.2.1~preinstall: bindings@1.2.1
355 silly preinstall nan@2.6.2 C:\Users\Nilay\Documents\GitHub\RansomeWareJS\node_modules\.staging\nan-2b0e8b9a
356 info lifecycle nan@2.6.2~preinstall: nan@2.6.2
357 silly preinstall ursa@0.9.4 C:\Users\Nilay\Documents\GitHub\RansomeWareJS\node_modules\.staging\ursa-0d8f6651
358 info lifecycle ursa@0.9.4~preinstall: ursa@0.9.4
359 silly lifecycle bindings@1.2.1~preinstall: no script for preinstall, continuing
360 silly lifecycle nan@2.6.2~preinstall: no script for preinstall, continuing
361 silly lifecycle ursa@0.9.4~preinstall: no script for preinstall, continuing
362 silly doReverseSerial remove 0
363 silly doSerial move 0
364 silly doSerial finalize 3
365 silly finalize C:\Users\Nilay\Documents\GitHub\RansomeWareJS\node_modules\bindings
366 silly finalize C:\Users\Nilay\Documents\GitHub\RansomeWareJS\node_modules\nan
367 silly finalize C:\Users\Nilay\Documents\GitHub\RansomeWareJS\node_modules\ursa
368 silly doSerial build 3
369 silly build bindings@1.2.1
370 info linkStuff bindings@1.2.1
371 silly linkStuff bindings@1.2.1 has C:\Users\Nilay\Documents\GitHub\RansomeWareJS\node_modules as its parent node_modules
372 verbose linkBins bindings@1.2.1
373 verbose linkMans bindings@1.2.1
374 silly build nan@2.6.2
375 info linkStuff nan@2.6.2
376 silly linkStuff nan@2.6.2 has C:\Users\Nilay\Documents\GitHub\RansomeWareJS\node_modules as its parent node_modules
377 verbose linkBins nan@2.6.2
378 verbose linkMans nan@2.6.2
379 silly build ursa@0.9.4
380 info linkStuff ursa@0.9.4
381 silly linkStuff ursa@0.9.4 has C:\Users\Nilay\Documents\GitHub\RansomeWareJS\node_modules as its parent node_modules
382 verbose linkBins ursa@0.9.4
383 verbose linkMans ursa@0.9.4
384 silly doSerial global-link 0
385 silly doParallel update-linked 0
386 silly doSerial install 3
387 silly install bindings@1.2.1 C:\Users\Nilay\Documents\GitHub\RansomeWareJS\node_modules\.staging\bindings-3b88ac07
388 info lifecycle bindings@1.2.1~install: bindings@1.2.1
389 silly lifecycle bindings@1.2.1~install: no script for install, continuing
390 silly install nan@2.6.2 C:\Users\Nilay\Documents\GitHub\RansomeWareJS\node_modules\.staging\nan-2b0e8b9a
391 info lifecycle nan@2.6.2~install: nan@2.6.2
392 silly lifecycle nan@2.6.2~install: no script for install, continuing
393 silly install ursa@0.9.4 C:\Users\Nilay\Documents\GitHub\RansomeWareJS\node_modules\.staging\ursa-0d8f6651
394 info lifecycle ursa@0.9.4~install: ursa@0.9.4
395 verbose lifecycle ursa@0.9.4~install: unsafe-perm in lifecycle true
396 verbose lifecycle ursa@0.9.4~install: PATH: C:\Program Files (x86)\nodejs\node_modules\npm\bin\node-gyp-bin;C:\Users\Nilay\Documents\GitHub\RansomeWareJS\node_modules\ursa\node_modules\.bin;C:\Users\Nilay\Documents\GitHub\RansomeWareJS\node_modules\.bin;C:\Program Files (x86)\nodejs;C:\Program Files (x86)\NVIDIA Corporation\PhysX\Common;C:\Program Files\Microsoft MPI\Bin\;C:\Program Files\Java\jdk1.8.0_111\bin;C:\Program Files (x86)\python\Scripts\;C:\Program Files (x86)\python\;C:\ProgramData\Oracle\Java\javapath;C:\WINDOWS\system32;C:\WINDOWS;C:\WINDOWS\System32\Wbem;C:\WINDOWS\System32\WindowsPowerShell\v1.0\;C:\Program Files (x86)\ATI Technologies\ATI.ACE\Core-Static;C:\Program Files\MiKTeX 2.9\miktex\bin\x64\;C:\Program Files (x86)\Microsoft SQL Server\Client SDK\ODBC\130\Tools\Binn\;C:\Program Files (x86)\Microsoft SQL Server\130\Tools\Binn\;C:\Program Files (x86)\Microsoft SQL Server\130\DTS\Binn\;C:\Program Files (x86)\Microsoft SQL Server\130\Tools\Binn\ManagementStudio\;C:\Program Files\Microsoft SQL Server\130\Tools\Binn\;C:\Program Files\Microsoft SQL Server\130\DTS\Binn\;C:\Program Files\Microsoft SQL Server\Client SDK\ODBC\130\Tools\Binn\;C:\apache-maven-3.3.9\bin;C:\Program Files\dotnet\;C:\Program Files\Git\cmd;C:\Program Files (x86)\nodejs\;C:\Program Files (x86)\Skype\Phone\;C:\Program Files\Intel\WiFi\bin\;C:\Program Files\Common Files\Intel\WirelessCommon\;C:\Program Files\PuTTY\;C:\ProgramData\chocolatey\bin;C:\Users\Nilay\AppData\Local\Microsoft\WindowsApps;C:\Users\Nilay\AppData\Roaming\npm;C:\Program Files (x86)\Nmap;C:\tools\mingw64\bin;
397 verbose lifecycle ursa@0.9.4~install: CWD: C:\Users\Nilay\Documents\GitHub\RansomeWareJS\node_modules\ursa
398 silly lifecycle ursa@0.9.4~install: Args: [ '/d /s /c', 'node-gyp rebuild' ]
399 silly lifecycle ursa@0.9.4~install: Returned: code: 1  signal: null
400 info lifecycle ursa@0.9.4~install: Failed to exec install script
401 verbose unlock done using C:\Users\Nilay\AppData\Roaming\npm-cache\_locks\staging-eebc74b60590ae0e.lock for C:\Users\Nilay\Documents\GitHub\RansomeWareJS\node_modules\.staging
402 silly rollbackFailedOptional Starting
403 silly rollbackFailedOptional Finishing
404 silly runTopLevelLifecycles Starting
405 silly runTopLevelLifecycles Finishing
406 silly install printInstalled
407 warn enoent ENOENT: no such file or directory, open 'C:\Users\Nilay\Documents\GitHub\RansomeWareJS\node_modules\js\package.json'
408 warn enoent ENOENT: no such file or directory, open 'C:\Users\Nilay\Documents\GitHub\RansomeWareJS\node_modules\css\package.json'
409 warn electron-app@1.0.0 No repository field.
410 verbose stack Error: ursa@0.9.4 install: `node-gyp rebuild`
410 verbose stack Exit status 1
410 verbose stack     at EventEmitter.<anonymous> (C:\Program Files (x86)\nodejs\node_modules\npm\lib\utils\lifecycle.js:242:16)
410 verbose stack     at emitTwo (events.js:106:13)
410 verbose stack     at EventEmitter.emit (events.js:191:7)
410 verbose stack     at ChildProcess.<anonymous> (C:\Program Files (x86)\nodejs\node_modules\npm\lib\utils\spawn.js:40:14)
410 verbose stack     at emitTwo (events.js:106:13)
410 verbose stack     at ChildProcess.emit (events.js:191:7)
410 verbose stack     at maybeClose (internal/child_process.js:852:16)
410 verbose stack     at Process.ChildProcess._handle.onexit (internal/child_process.js:215:5)
411 verbose pkgid ursa@0.9.4
412 verbose cwd C:\Users\Nilay\Documents\GitHub\RansomeWareJS
413 error Windows_NT 10.0.14393
414 error argv "C:\\Program Files (x86)\\nodejs\\node.exe" "C:\\Program Files (x86)\\nodejs\\node_modules\\npm\\bin\\npm-cli.js" "install" "--save" "ursa"
415 error node v6.3.1
416 error npm  v3.10.3
417 error code ELIFECYCLE
418 error ursa@0.9.4 install: `node-gyp rebuild`
418 error Exit status 1
419 error Failed at the ursa@0.9.4 install script 'node-gyp rebuild'.
419 error Make sure you have the latest version of node.js and npm installed.
419 error If you do, this is most likely a problem with the ursa package,
419 error not with npm itself.
419 error Tell the author that this fails on your system:
419 error     node-gyp rebuild
419 error You can get information on how to open an issue for this project with:
419 error     npm bugs ursa
419 error Or if that isn't available, you can get their info via:
419 error     npm owner ls ursa
419 error There is likely additional logging output above.
420 verbose exit [ 1, true ]
